<?xml version="1.0" encoding="UTF-8"?>
<testng-results ignored="0" total="1" passed="1" failed="0" skipped="0">
  <reporter-output>
  </reporter-output>
  <suite started-at="2023-08-22T11:56:17 IST" name="Default suite" finished-at="2023-08-22T11:56:17 IST" duration-ms="58">
    <groups>
    </groups>
    <test started-at="2023-08-22T11:56:17 IST" name="Default test" finished-at="2023-08-22T11:56:17 IST" duration-ms="58">
      <class name="sampleTests.MavenDemoTest">
        <test-method signature="demo()[pri:0, instance:sampleTests.MavenDemoTest@73700b80]" started-at="2023-08-22T11:56:17 IST" name="demo" finished-at="2023-08-22T11:56:17 IST" duration-ms="12" status="PASS">
          <reporter-output>
          </reporter-output>
        </test-method> <!-- demo -->
      </class> <!-- sampleTests.MavenDemoTest -->
    </test> <!-- Default test -->
  </suite> <!-- Default suite -->
</testng-results>
