<?xml version="1.0" encoding="UTF-8"?>
<testng-results ignored="0" total="2" passed="2" failed="0" skipped="0">
  <reporter-output>
  </reporter-output>
  <suite started-at="2023-08-27T16:36:38 IST" name="Default suite" finished-at="2023-08-27T16:36:38 IST" duration-ms="45">
    <groups>
    </groups>
    <test started-at="2023-08-27T16:36:38 IST" name="Default test" finished-at="2023-08-27T16:36:38 IST" duration-ms="45">
      <class name="sampleTests.MavenDemoTest">
        <test-method signature="demo()[pri:0, instance:sampleTests.MavenDemoTest@49c7b90e]" started-at="2023-08-27T16:36:38 IST" name="demo" finished-at="2023-08-27T16:36:38 IST" duration-ms="8" status="PASS">
          <reporter-output>
          </reporter-output>
        </test-method> <!-- demo -->
        <test-method signature="demo2()[pri:0, instance:sampleTests.MavenDemoTest@49c7b90e]" started-at="2023-08-27T16:36:38 IST" name="demo2" finished-at="2023-08-27T16:36:38 IST" duration-ms="1" status="PASS">
          <reporter-output>
          </reporter-output>
        </test-method> <!-- demo2 -->
      </class> <!-- sampleTests.MavenDemoTest -->
    </test> <!-- Default test -->
  </suite> <!-- Default suite -->
</testng-results>
